2025-05-12 14:10:36 | DAILY_SUMMARY | SENT | Daily summary report for 2025-05-12
2025-05-12 14:16:41 | DAILY_SUMMARY | SENT | Daily summary report for 2025-05-12
2025-05-12 14:25:15 | DAILY_SUMMARY | FAILED | Daily summary report for 2025-05-12
2025-05-12 14:28:42 | DAILY_SUMMARY | FAILED | Daily summary report for 2025-05-12
2025-05-12 14:29:04 | DAILY_SUMMARY | FAILED | Daily summary report for 2025-05-12
2025-05-12 14:29:48 | DAILY_SUMMARY | FAILED | Daily summary report for 2025-05-12
2025-05-12 14:29:59 | DAILY_SUMMARY | FAILED | Daily summary report for 2025-05-12
2025-05-12 14:32:00 | DAILY_SUMMARY | SENT | Daily summary report for 2025-05-12
2025-05-12 15:19:12 | DAILY_SUMMARY | SENT | Daily summary report for 2025-05-12
2025-05-12 15:20:52 | DAILY_SUMMARY | SENT | Daily summary report for 2025-05-12
2025-05-12 15:22:21 | DAILY_SUMMARY | SENT | Daily summary report for 2025-05-12
2025-05-12 15:31:31 | DAILY_SUMMARY | SENT | Daily summary report for 2025-05-12
2025-05-12 17:36:11 | PLANT_DATA_AGE | SENT | PLANT DATA AGE ALERT: Plant station data file is 1.31 hours old.
2025-05-12 17:36:13 | WEATHER_DATA_AGE | SENT | WEATHER DATA AGE ALERT: Weather station data file is 1.32 hours old.
2025-05-12 18:36:18 | PLANT_DATA_AGE | SENT | PLANT DATA AGE ALERT: Plant station data file is 2.31 hours old.
2025-05-12 18:36:20 | WEATHER_DATA_AGE | SENT | WEATHER DATA AGE ALERT: Weather station data file is 2.33 hours old.
2025-05-12 19:36:24 | PLANT_DATA_AGE | SENT | PLANT DATA AGE ALERT: Plant station data file is 3.31 hours old.
2025-05-12 19:36:27 | WEATHER_DATA_AGE | SENT | WEATHER DATA AGE ALERT: Weather station data file is 3.33 hours old.
2025-05-12 20:19:04 | PLANT_DATA_AGE | SENT | PLANT DATA AGE ALERT: Plant station data file is 4.02 hours old.
2025-05-12 20:19:06 | WEATHER_DATA_AGE | SENT | WEATHER DATA AGE ALERT: Weather station data file is 4.04 hours old.
2025-05-12 20:19:24 | DAILY_SUMMARY | SENT | Daily summary report for 2025-05-12
2025-05-12 21:19:28 | PLANT_DATA_AGE | SENT | PLANT DATA AGE ALERT: Plant station data file is 5.03 hours old.
2025-05-12 22:19:33 | PLANT_DATA_AGE | SENT | PLANT DATA AGE ALERT: Plant station data file is 6.03 hours old.
2025-05-12 22:19:35 | WEATHER_DATA_AGE | SENT | WEATHER DATA AGE ALERT: Weather station data file is 1.87 hours old.
2025-05-12 23:19:39 | PLANT_DATA_AGE | SENT | PLANT DATA AGE ALERT: Plant station data file is 7.03 hours old.
2025-05-12 23:19:41 | WEATHER_DATA_AGE | SENT | WEATHER DATA AGE ALERT: Weather station data file is 2.87 hours old.
2025-05-13 00:19:45 | PLANT_DATA_AGE | SENT | PLANT DATA AGE ALERT: Plant station data file is 8.03 hours old.
2025-05-13 00:19:48 | WEATHER_DATA_AGE | SENT | WEATHER DATA AGE ALERT: Weather station data file is 3.87 hours old.
2025-05-13 01:19:52 | PLANT_DATA_AGE | SENT | PLANT DATA AGE ALERT: Plant station data file is 9.03 hours old.
2025-05-13 01:19:54 | WEATHER_DATA_AGE | SENT | WEATHER DATA AGE ALERT: Weather station data file is 4.87 hours old.
2025-05-13 08:20:09 | PLANT_DATA_AGE | SENT | PLANT DATA AGE ALERT: Plant station data file is 1.83 hours old.
2025-05-13 08:20:25 | DAILY_SUMMARY | SENT | Daily summary report for 2025-05-13
2025-05-13 09:20:30 | PLANT_DATA_AGE | SENT | PLANT DATA AGE ALERT: Plant station data file is 2.84 hours old.
2025-05-13 10:20:34 | PLANT_DATA_AGE | SENT | PLANT DATA AGE ALERT: Plant station data file is 3.84 hours old.
2025-05-13 11:20:39 | PLANT_DATA_AGE | SENT | PLANT DATA AGE ALERT: Plant station data file is 4.84 hours old.
2025-05-13 12:20:43 | PLANT_DATA_AGE | SENT | PLANT DATA AGE ALERT: Plant station data file is 5.84 hours old.
2025-05-13 12:20:46 | WEATHER_DATA_AGE | SENT | WEATHER DATA AGE ALERT: Weather station data file is 1.73 hours old.
2025-05-13 20:21:18 | DAILY_SUMMARY | SENT | Daily summary report for 2025-05-13
2025-05-14 08:22:00 | DAILY_SUMMARY | SENT | Daily summary report for 2025-05-14
2025-05-14 19:30:14 | PLANT_DATA_AGE | SENT | PLANT DATA AGE ALERT: Plant station data file is 1.48 hours old.
2025-05-14 20:30:35 | DAILY_SUMMARY | SENT | Daily summary report for 2025-05-14
2025-05-15 08:31:14 | DAILY_SUMMARY | SENT | Daily summary report for 2025-05-15
2025-05-15 20:31:57 | DAILY_SUMMARY | SENT | Daily summary report for 2025-05-15
2025-05-16 08:32:41 | DAILY_SUMMARY | SENT | Daily summary report for 2025-05-16
2025-05-16 20:33:26 | DAILY_SUMMARY | SENT | Daily summary report for 2025-05-16
2025-05-17 08:34:09 | DAILY_SUMMARY | SENT | Daily summary report for 2025-05-17
2025-05-17 18:34:32 | PLANT_DATA_AGE | SENT | PLANT DATA AGE ALERT: Plant station data file is 1.27 hours old.
2025-05-17 20:34:59 | DAILY_SUMMARY | SENT | Daily summary report for 2025-05-17
2025-05-18 08:35:44 | DAILY_SUMMARY | SENT | Daily summary report for 2025-05-18
2025-05-18 20:36:26 | DAILY_SUMMARY | SENT | Daily summary report for 2025-05-18
2025-05-19 08:37:06 | DAILY_SUMMARY | SENT | Daily summary report for 2025-05-19
2025-05-19 20:37:44 | DAILY_SUMMARY | SENT | Daily summary report for 2025-05-19
2025-05-20 08:38:27 | DAILY_SUMMARY | SENT | Daily summary report for 2025-05-20
2025-05-20 19:38:53 | PLANT_DATA_AGE | SENT | PLANT DATA AGE ALERT: Plant station data file is 1.37 hours old.
2025-05-20 20:39:01 | PLANT_DATA_AGE | SENT | PLANT DATA AGE ALERT: Plant station data file is 2.37 hours old.
2025-05-20 20:39:53 | DAILY_SUMMARY | SENT | Daily summary report for 2025-05-20
2025-05-20 21:40:01 | PLANT_DATA_AGE | SENT | PLANT DATA AGE ALERT: Plant station data file is 3.38 hours old.
2025-05-20 22:40:09 | PLANT_DATA_AGE | SENT | PLANT DATA AGE ALERT: Plant station data file is 4.39 hours old.
2025-05-20 23:40:17 | PLANT_DATA_AGE | SENT | PLANT DATA AGE ALERT: Plant station data file is 5.39 hours old.
2025-05-21 00:40:22 | PLANT_DATA_AGE | SENT | PLANT DATA AGE ALERT: Plant station data file is 6.39 hours old.
2025-05-21 01:40:28 | PLANT_DATA_AGE | SENT | PLANT DATA AGE ALERT: Plant station data file is 7.39 hours old.
2025-05-21 02:40:34 | PLANT_DATA_AGE | SENT | PLANT DATA AGE ALERT: Plant station data file is 8.39 hours old.
2025-05-21 03:40:39 | PLANT_DATA_AGE | SENT | PLANT DATA AGE ALERT: Plant station data file is 9.40 hours old.
2025-05-21 04:40:44 | PLANT_DATA_AGE | SENT | PLANT DATA AGE ALERT: Plant station data file is 10.40 hours old.
2025-05-21 05:40:49 | PLANT_DATA_AGE | SENT | PLANT DATA AGE ALERT: Plant station data file is 11.40 hours old.
2025-05-21 06:40:54 | PLANT_DATA_AGE | SENT | PLANT DATA AGE ALERT: Plant station data file is 12.40 hours old.
2025-05-21 07:40:59 | PLANT_DATA_AGE | SENT | PLANT DATA AGE ALERT: Plant station data file is 13.40 hours old.
2025-05-21 08:41:03 | PLANT_DATA_AGE | SENT | PLANT DATA AGE ALERT: Plant station data file is 14.40 hours old.
2025-05-21 08:41:47 | DAILY_SUMMARY | SENT | Daily summary report for 2025-05-21
2025-05-21 09:41:56 | PLANT_DATA_AGE | SENT | PLANT DATA AGE ALERT: Plant station data file is 15.42 hours old.
2025-05-21 10:42:01 | PLANT_DATA_AGE | SENT | PLANT DATA AGE ALERT: Plant station data file is 16.42 hours old.
2025-05-21 11:42:05 | PLANT_DATA_AGE | SENT | PLANT DATA AGE ALERT: Plant station data file is 17.42 hours old.
2025-05-21 12:42:10 | PLANT_DATA_AGE | SENT | PLANT DATA AGE ALERT: Plant station data file is 18.42 hours old.
2025-05-21 13:42:15 | PLANT_DATA_AGE | SENT | PLANT DATA AGE ALERT: Plant station data file is 19.42 hours old.
2025-05-21 14:42:20 | PLANT_DATA_AGE | SENT | PLANT DATA AGE ALERT: Plant station data file is 20.42 hours old.
2025-05-21 15:42:26 | PLANT_DATA_AGE | SENT | PLANT DATA AGE ALERT: Plant station data file is 21.43 hours old.
2025-05-21 20:43:07 | DAILY_SUMMARY | SENT | Daily summary report for 2025-05-21
2025-05-22 07:43:32 | PLANT_DATA_AGE | SENT | PLANT DATA AGE ALERT: Plant station data file is 1.04 hours old.
2025-05-22 08:43:38 | PLANT_DATA_AGE | SENT | PLANT DATA AGE ALERT: Plant station data file is 2.04 hours old.
2025-05-22 08:44:30 | DAILY_SUMMARY | SENT | Daily summary report for 2025-05-22
2025-05-22 09:44:34 | PLANT_DATA_AGE | SENT | PLANT DATA AGE ALERT: Plant station data file is 3.06 hours old.
2025-05-22 10:44:39 | PLANT_DATA_AGE | SENT | PLANT DATA AGE ALERT: Plant station data file is 4.06 hours old.
2025-05-22 11:44:44 | PLANT_DATA_AGE | SENT | PLANT DATA AGE ALERT: Plant station data file is 5.06 hours old.
2025-05-22 12:44:48 | PLANT_DATA_AGE | SENT | PLANT DATA AGE ALERT: Plant station data file is 6.06 hours old.
2025-05-22 13:44:52 | PLANT_DATA_AGE | SENT | PLANT DATA AGE ALERT: Plant station data file is 7.06 hours old.
2025-05-22 14:44:58 | PLANT_DATA_AGE | SENT | PLANT DATA AGE ALERT: Plant station data file is 8.06 hours old.
2025-05-23 02:45:57 | DAILY_SUMMARY | SENT | Daily summary report for 2025-05-23
2025-05-23 09:46:13 | HIGH_TEMP | SENT | HIGH TEMPERATURE ALERT: Plant station recorded 40.6°C at 2025-05-23 16:44:34.980232
2025-05-23 22:23:12 | DAILY_SUMMARY | SENT | Daily summary report for 2025-05-23
2025-05-23 23:23:19 | PLANT_DATA_AGE | SENT | PLANT DATA AGE ALERT: Plant station data file is 1.30 hours old.
2025-05-24 00:23:25 | PLANT_DATA_AGE | SENT | PLANT DATA AGE ALERT: Plant station data file is 2.30 hours old.
2025-05-24 01:23:32 | PLANT_DATA_AGE | SENT | PLANT DATA AGE ALERT: Plant station data file is 3.31 hours old.
2025-05-24 02:23:39 | PLANT_DATA_AGE | SENT | PLANT DATA AGE ALERT: Plant station data file is 4.31 hours old.
2025-05-24 03:23:47 | PLANT_DATA_AGE | SENT | PLANT DATA AGE ALERT: Plant station data file is 5.31 hours old.
2025-05-24 04:23:55 | PLANT_DATA_AGE | SENT | PLANT DATA AGE ALERT: Plant station data file is 6.31 hours old.
2025-05-24 05:24:01 | PLANT_DATA_AGE | SENT | PLANT DATA AGE ALERT: Plant station data file is 7.31 hours old.
2025-05-24 06:24:07 | PLANT_DATA_AGE | SENT | PLANT DATA AGE ALERT: Plant station data file is 8.32 hours old.
2025-05-24 07:24:14 | PLANT_DATA_AGE | SENT | PLANT DATA AGE ALERT: Plant station data file is 9.32 hours old.
2025-05-24 08:24:18 | PLANT_DATA_AGE | SENT | PLANT DATA AGE ALERT: Plant station data file is 10.32 hours old.
2025-05-24 09:02:14 | PLANT_DATA_AGE | SENT | PLANT DATA AGE ALERT: Plant station data file is 10.95 hours old.
2025-05-24 10:02:18 | PLANT_DATA_AGE | SENT | PLANT DATA AGE ALERT: Plant station data file is 11.95 hours old.
2025-05-24 17:36:02 | DAILY_SUMMARY | SENT | Daily summary report for 2025-05-24
2025-05-25 09:07:04 | DAILY_SUMMARY | SENT | Daily summary report for 2025-05-25
2025-05-26 03:07:54 | DAILY_SUMMARY | SENT | Daily summary report for 2025-05-26
2025-05-26 13:08:16 | HIGH_TEMP | SENT | HIGH TEMPERATURE ALERT: Plant station recorded 43.9°C at 2025-05-26 19:00:13.909690
2025-05-26 14:08:23 | HIGH_TEMP | SENT | HIGH TEMPERATURE ALERT: Plant station recorded 54.5°C at 2025-05-26 19:39:51.011856
2025-05-26 15:08:28 | HIGH_TEMP | SENT | HIGH TEMPERATURE ALERT: Plant station recorded 54.5°C at 2025-05-26 19:39:51.011856
2025-05-26 15:08:31 | PLANT_DATA_AGE | SENT | PLANT DATA AGE ALERT: Plant station data file is 1.42 hours old.
2025-05-26 16:08:37 | HIGH_TEMP | SENT | HIGH TEMPERATURE ALERT: Plant station recorded 54.5°C at 2025-05-26 19:39:51.011856
2025-05-26 16:08:41 | PLANT_DATA_AGE | SENT | PLANT DATA AGE ALERT: Plant station data file is 2.42 hours old.
2025-05-26 17:08:48 | HIGH_TEMP | SENT | HIGH TEMPERATURE ALERT: Plant station recorded 54.5°C at 2025-05-26 19:39:51.011856
2025-05-26 17:08:53 | PLANT_DATA_AGE | SENT | PLANT DATA AGE ALERT: Plant station data file is 3.43 hours old.
2025-05-26 18:09:00 | HIGH_TEMP | SENT | HIGH TEMPERATURE ALERT: Plant station recorded 54.5°C at 2025-05-26 19:39:51.011856
2025-05-26 18:09:04 | PLANT_DATA_AGE | SENT | PLANT DATA AGE ALERT: Plant station data file is 4.43 hours old.
2025-05-26 19:09:09 | HIGH_TEMP | SENT | HIGH TEMPERATURE ALERT: Plant station recorded 54.5°C at 2025-05-26 19:39:51.011856
2025-05-26 19:09:15 | PLANT_DATA_AGE | SENT | PLANT DATA AGE ALERT: Plant station data file is 5.43 hours old.
2025-05-26 20:09:19 | HIGH_TEMP | SENT | HIGH TEMPERATURE ALERT: Plant station recorded 54.5°C at 2025-05-26 19:39:51.011856
2025-05-26 20:09:23 | PLANT_DATA_AGE | SENT | PLANT DATA AGE ALERT: Plant station data file is 6.43 hours old.
2025-05-26 20:09:49 | DAILY_SUMMARY | SENT | Daily summary report for 2025-05-26
2025-05-26 21:09:56 | HIGH_TEMP | SENT | HIGH TEMPERATURE ALERT: Plant station recorded 54.5°C at 2025-05-26 19:39:51.011856
2025-05-26 21:10:01 | PLANT_DATA_AGE | SENT | PLANT DATA AGE ALERT: Plant station data file is 7.44 hours old.
2025-05-26 22:10:08 | HIGH_TEMP | SENT | HIGH TEMPERATURE ALERT: Plant station recorded 54.5°C at 2025-05-26 19:39:51.011856
2025-05-26 22:10:13 | PLANT_DATA_AGE | SENT | PLANT DATA AGE ALERT: Plant station data file is 8.45 hours old.
2025-05-26 23:10:18 | HIGH_TEMP | SENT | HIGH TEMPERATURE ALERT: Plant station recorded 54.5°C at 2025-05-26 19:39:51.011856
2025-05-26 23:10:23 | PLANT_DATA_AGE | SENT | PLANT DATA AGE ALERT: Plant station data file is 9.45 hours old.
2025-05-27 00:10:28 | HIGH_TEMP | SENT | HIGH TEMPERATURE ALERT: Plant station recorded 54.5°C at 2025-05-26 19:39:51.011856
2025-05-27 00:10:32 | PLANT_DATA_AGE | SENT | PLANT DATA AGE ALERT: Plant station data file is 10.45 hours old.
2025-05-27 01:10:37 | HIGH_TEMP | SENT | HIGH TEMPERATURE ALERT: Plant station recorded 54.5°C at 2025-05-26 19:39:51.011856
2025-05-27 01:10:39 | PLANT_DATA_AGE | SENT | PLANT DATA AGE ALERT: Plant station data file is 11.46 hours old.
2025-05-27 02:10:45 | HIGH_TEMP | SENT | HIGH TEMPERATURE ALERT: Plant station recorded 54.5°C at 2025-05-26 19:39:51.011856
2025-05-27 02:10:47 | PLANT_DATA_AGE | SENT | PLANT DATA AGE ALERT: Plant station data file is 12.46 hours old.
2025-05-27 03:10:51 | HIGH_TEMP | SENT | HIGH TEMPERATURE ALERT: Plant station recorded 54.5°C at 2025-05-26 19:39:51.011856
2025-05-27 03:10:56 | PLANT_DATA_AGE | SENT | PLANT DATA AGE ALERT: Plant station data file is 13.46 hours old.
2025-05-27 04:11:00 | HIGH_TEMP | SENT | HIGH TEMPERATURE ALERT: Plant station recorded 54.5°C at 2025-05-26 19:39:51.011856
2025-05-27 04:11:02 | PLANT_DATA_AGE | SENT | PLANT DATA AGE ALERT: Plant station data file is 14.46 hours old.
2025-05-27 05:11:06 | HIGH_TEMP | SENT | HIGH TEMPERATURE ALERT: Plant station recorded 54.5°C at 2025-05-26 19:39:51.011856
2025-05-27 05:11:08 | PLANT_DATA_AGE | SENT | PLANT DATA AGE ALERT: Plant station data file is 15.46 hours old.
2025-05-27 06:11:13 | HIGH_TEMP | SENT | HIGH TEMPERATURE ALERT: Plant station recorded 54.5°C at 2025-05-26 19:39:51.011856
2025-05-27 06:11:15 | PLANT_DATA_AGE | SENT | PLANT DATA AGE ALERT: Plant station data file is 16.47 hours old.
2025-05-27 07:11:21 | HIGH_TEMP | SENT | HIGH TEMPERATURE ALERT: Plant station recorded 54.5°C at 2025-05-26 19:39:51.011856
2025-05-27 07:11:25 | PLANT_DATA_AGE | SENT | PLANT DATA AGE ALERT: Plant station data file is 17.47 hours old.
2025-05-27 08:11:30 | HIGH_TEMP | SENT | HIGH TEMPERATURE ALERT: Plant station recorded 54.5°C at 2025-05-26 19:39:51.011856
2025-05-27 08:11:33 | PLANT_DATA_AGE | SENT | PLANT DATA AGE ALERT: Plant station data file is 18.47 hours old.
2025-05-27 09:11:37 | HIGH_TEMP | SENT | HIGH TEMPERATURE ALERT: Plant station recorded 54.5°C at 2025-05-26 19:39:51.011856
2025-05-27 09:11:40 | PLANT_DATA_AGE | SENT | PLANT DATA AGE ALERT: Plant station data file is 19.47 hours old.
2025-05-27 10:11:44 | HIGH_TEMP | SENT | HIGH TEMPERATURE ALERT: Plant station recorded 54.5°C at 2025-05-26 19:39:51.011856
2025-05-27 10:11:46 | PLANT_DATA_AGE | SENT | PLANT DATA AGE ALERT: Plant station data file is 20.47 hours old.
2025-05-27 11:11:50 | HIGH_TEMP | SENT | HIGH TEMPERATURE ALERT: Plant station recorded 54.5°C at 2025-05-26 19:39:51.011856
2025-05-27 11:11:55 | PLANT_DATA_AGE | SENT | PLANT DATA AGE ALERT: Plant station data file is 21.48 hours old.
2025-05-27 12:11:59 | HIGH_TEMP | SENT | HIGH TEMPERATURE ALERT: Plant station recorded 54.5°C at 2025-05-26 19:39:51.011856
2025-05-27 12:12:02 | PLANT_DATA_AGE | SENT | PLANT DATA AGE ALERT: Plant station data file is 22.48 hours old.
2025-05-27 13:12:07 | HIGH_TEMP | SENT | HIGH TEMPERATURE ALERT: Plant station recorded 54.5°C at 2025-05-26 19:39:51.011856
2025-05-27 13:12:10 | PLANT_DATA_AGE | SENT | PLANT DATA AGE ALERT: Plant station data file is 23.48 hours old.
2025-05-27 14:12:16 | HIGH_TEMP | SENT | HIGH TEMPERATURE ALERT: Plant station recorded 54.5°C at 2025-05-26 19:39:51.011856
2025-05-27 14:12:20 | PLANT_DATA_AGE | SENT | PLANT DATA AGE ALERT: Plant station data file is 24.48 hours old.
2025-05-27 15:12:25 | HIGH_TEMP | SENT | HIGH TEMPERATURE ALERT: Plant station recorded 54.5°C at 2025-05-26 19:39:51.011856
2025-05-27 15:12:27 | PLANT_DATA_AGE | SENT | PLANT DATA AGE ALERT: Plant station data file is 25.49 hours old.
2025-05-27 16:12:32 | HIGH_TEMP | SENT | HIGH TEMPERATURE ALERT: Plant station recorded 54.5°C at 2025-05-26 19:39:51.011856
2025-05-27 16:12:36 | PLANT_DATA_AGE | SENT | PLANT DATA AGE ALERT: Plant station data file is 26.49 hours old.
2025-05-27 17:12:42 | HIGH_TEMP | SENT | HIGH TEMPERATURE ALERT: Plant station recorded 54.5°C at 2025-05-26 19:39:51.011856
2025-05-27 17:12:47 | PLANT_DATA_AGE | SENT | PLANT DATA AGE ALERT: Plant station data file is 27.49 hours old.
2025-05-27 17:13:09 | DAILY_SUMMARY | SENT | Daily summary report for 2025-05-27
2025-05-27 18:13:15 | HIGH_TEMP | SENT | HIGH TEMPERATURE ALERT: Plant station recorded 54.5°C at 2025-05-26 19:39:51.011856
2025-05-27 18:13:19 | PLANT_DATA_AGE | SENT | PLANT DATA AGE ALERT: Plant station data file is 28.50 hours old.
2025-05-27 19:13:28 | HIGH_TEMP | SENT | HIGH TEMPERATURE ALERT: Plant station recorded 54.5°C at 2025-05-26 19:39:51.011856
2025-05-27 19:13:34 | PLANT_DATA_AGE | SENT | PLANT DATA AGE ALERT: Plant station data file is 29.50 hours old.
2025-05-27 20:13:40 | HIGH_TEMP | SENT | HIGH TEMPERATURE ALERT: Plant station recorded 54.5°C at 2025-05-26 19:39:51.011856
2025-05-27 20:13:43 | PLANT_DATA_AGE | SENT | PLANT DATA AGE ALERT: Plant station data file is 30.51 hours old.
2025-05-27 21:13:50 | HIGH_TEMP | SENT | HIGH TEMPERATURE ALERT: Plant station recorded 54.5°C at 2025-05-26 19:39:51.011856
2025-05-27 21:13:54 | PLANT_DATA_AGE | SENT | PLANT DATA AGE ALERT: Plant station data file is 31.51 hours old.
2025-05-27 22:14:00 | HIGH_TEMP | SENT | HIGH TEMPERATURE ALERT: Plant station recorded 54.5°C at 2025-05-26 19:39:51.011856
2025-05-27 22:14:04 | PLANT_DATA_AGE | SENT | PLANT DATA AGE ALERT: Plant station data file is 32.51 hours old.
2025-05-27 23:14:10 | HIGH_TEMP | SENT | HIGH TEMPERATURE ALERT: Plant station recorded 54.5°C at 2025-05-26 19:39:51.011856
2025-05-27 23:14:13 | PLANT_DATA_AGE | SENT | PLANT DATA AGE ALERT: Plant station data file is 33.51 hours old.
2025-05-28 00:14:19 | HIGH_TEMP | SENT | HIGH TEMPERATURE ALERT: Plant station recorded 54.5°C at 2025-05-26 19:39:51.011856
2025-05-28 00:14:22 | PLANT_DATA_AGE | SENT | PLANT DATA AGE ALERT: Plant station data file is 34.52 hours old.
2025-05-28 01:14:27 | HIGH_TEMP | SENT | HIGH TEMPERATURE ALERT: Plant station recorded 54.5°C at 2025-05-26 19:39:51.011856
2025-05-28 01:14:30 | PLANT_DATA_AGE | SENT | PLANT DATA AGE ALERT: Plant station data file is 35.52 hours old.
2025-05-28 02:14:35 | HIGH_TEMP | SENT | HIGH TEMPERATURE ALERT: Plant station recorded 54.5°C at 2025-05-26 19:39:51.011856
2025-05-28 02:14:37 | PLANT_DATA_AGE | SENT | PLANT DATA AGE ALERT: Plant station data file is 36.52 hours old.
2025-05-28 03:14:41 | HIGH_TEMP | SENT | HIGH TEMPERATURE ALERT: Plant station recorded 54.5°C at 2025-05-26 19:39:51.011856
2025-05-28 03:14:44 | PLANT_DATA_AGE | SENT | PLANT DATA AGE ALERT: Plant station data file is 37.52 hours old.
2025-05-28 04:14:48 | HIGH_TEMP | SENT | HIGH TEMPERATURE ALERT: Plant station recorded 54.5°C at 2025-05-26 19:39:51.011856
2025-05-28 04:14:51 | PLANT_DATA_AGE | SENT | PLANT DATA AGE ALERT: Plant station data file is 38.53 hours old.
2025-05-28 05:14:55 | HIGH_TEMP | SENT | HIGH TEMPERATURE ALERT: Plant station recorded 54.5°C at 2025-05-26 19:39:51.011856
2025-05-28 05:14:59 | PLANT_DATA_AGE | SENT | PLANT DATA AGE ALERT: Plant station data file is 39.53 hours old.
2025-05-28 06:15:04 | HIGH_TEMP | SENT | HIGH TEMPERATURE ALERT: Plant station recorded 54.5°C at 2025-05-26 19:39:51.011856
2025-05-28 06:15:06 | PLANT_DATA_AGE | SENT | PLANT DATA AGE ALERT: Plant station data file is 40.53 hours old.
2025-05-28 07:15:10 | HIGH_TEMP | SENT | HIGH TEMPERATURE ALERT: Plant station recorded 54.5°C at 2025-05-26 19:39:51.011856
2025-05-28 07:15:13 | PLANT_DATA_AGE | SENT | PLANT DATA AGE ALERT: Plant station data file is 41.53 hours old.
2025-05-28 08:15:17 | HIGH_TEMP | SENT | HIGH TEMPERATURE ALERT: Plant station recorded 54.5°C at 2025-05-26 19:39:51.011856
2025-05-28 08:15:19 | PLANT_DATA_AGE | SENT | PLANT DATA AGE ALERT: Plant station data file is 42.53 hours old.
2025-05-28 11:15:28 | PLANT_DATA_AGE | SENT | PLANT DATA AGE ALERT: Plant station data file is 1.64 hours old.
2025-05-28 12:15:32 | PLANT_DATA_AGE | SENT | PLANT DATA AGE ALERT: Plant station data file is 2.64 hours old.
2025-05-28 13:15:40 | PLANT_DATA_AGE | SENT | PLANT DATA AGE ALERT: Plant station data file is 3.64 hours old.
2025-05-28 13:16:16 | DAILY_SUMMARY | SENT | Daily summary report for 2025-05-28
2025-05-28 14:16:21 | PLANT_DATA_AGE | SENT | PLANT DATA AGE ALERT: Plant station data file is 4.66 hours old.
2025-05-28 15:16:27 | PLANT_DATA_AGE | SENT | PLANT DATA AGE ALERT: Plant station data file is 5.66 hours old.
2025-05-28 16:16:31 | PLANT_DATA_AGE | SENT | PLANT DATA AGE ALERT: Plant station data file is 6.66 hours old.
2025-05-28 17:16:38 | PLANT_DATA_AGE | SENT | PLANT DATA AGE ALERT: Plant station data file is 7.66 hours old.
2025-05-28 18:16:43 | PLANT_DATA_AGE | SENT | PLANT DATA AGE ALERT: Plant station data file is 8.66 hours old.
2025-05-28 19:16:52 | PLANT_DATA_AGE | SENT | PLANT DATA AGE ALERT: Plant station data file is 9.66 hours old.
2025-05-28 20:17:20 | PLANT_DATA_AGE | SENT | PLANT DATA AGE ALERT: Plant station data file is 10.67 hours old.
2025-05-28 21:17:27 | PLANT_DATA_AGE | SENT | PLANT DATA AGE ALERT: Plant station data file is 11.67 hours old.
2025-05-28 22:17:34 | PLANT_DATA_AGE | SENT | PLANT DATA AGE ALERT: Plant station data file is 12.67 hours old.
2025-05-28 23:17:40 | PLANT_DATA_AGE | SENT | PLANT DATA AGE ALERT: Plant station data file is 13.68 hours old.
2025-05-29 00:17:45 | PLANT_DATA_AGE | SENT | PLANT DATA AGE ALERT: Plant station data file is 14.68 hours old.
2025-05-29 01:17:51 | PLANT_DATA_AGE | SENT | PLANT DATA AGE ALERT: Plant station data file is 15.68 hours old.
2025-05-29 02:17:56 | PLANT_DATA_AGE | SENT | PLANT DATA AGE ALERT: Plant station data file is 16.68 hours old.
2025-05-29 03:18:01 | PLANT_DATA_AGE | SENT | PLANT DATA AGE ALERT: Plant station data file is 17.68 hours old.
2025-05-29 04:18:07 | PLANT_DATA_AGE | SENT | PLANT DATA AGE ALERT: Plant station data file is 18.68 hours old.
2025-05-29 05:18:14 | PLANT_DATA_AGE | SENT | PLANT DATA AGE ALERT: Plant station data file is 19.69 hours old.
2025-05-29 06:18:18 | PLANT_DATA_AGE | SENT | PLANT DATA AGE ALERT: Plant station data file is 20.69 hours old.
2025-05-29 06:18:39 | DAILY_SUMMARY | SENT | Daily summary report for 2025-05-29
2025-05-29 07:18:43 | PLANT_DATA_AGE | SENT | PLANT DATA AGE ALERT: Plant station data file is 21.70 hours old.
2025-05-29 08:18:48 | PLANT_DATA_AGE | SENT | PLANT DATA AGE ALERT: Plant station data file is 22.70 hours old.
2025-05-29 09:18:53 | PLANT_DATA_AGE | SENT | PLANT DATA AGE ALERT: Plant station data file is 23.70 hours old.
2025-05-29 10:18:59 | PLANT_DATA_AGE | SENT | PLANT DATA AGE ALERT: Plant station data file is 24.70 hours old.
2025-05-29 11:19:04 | PLANT_DATA_AGE | SENT | PLANT DATA AGE ALERT: Plant station data file is 25.70 hours old.
2025-05-29 12:19:08 | PLANT_DATA_AGE | SENT | PLANT DATA AGE ALERT: Plant station data file is 26.70 hours old.
2025-05-29 13:19:12 | PLANT_DATA_AGE | SENT | PLANT DATA AGE ALERT: Plant station data file is 27.70 hours old.
2025-05-29 14:19:17 | PLANT_DATA_AGE | SENT | PLANT DATA AGE ALERT: Plant station data file is 28.70 hours old.
2025-05-29 15:19:21 | PLANT_DATA_AGE | SENT | PLANT DATA AGE ALERT: Plant station data file is 29.71 hours old.
2025-05-29 16:19:26 | PLANT_DATA_AGE | SENT | PLANT DATA AGE ALERT: Plant station data file is 30.71 hours old.
2025-05-29 17:19:33 | PLANT_DATA_AGE | SENT | PLANT DATA AGE ALERT: Plant station data file is 31.71 hours old.
2025-05-29 18:19:39 | PLANT_DATA_AGE | SENT | PLANT DATA AGE ALERT: Plant station data file is 32.71 hours old.
2025-05-29 19:19:46 | PLANT_DATA_AGE | SENT | PLANT DATA AGE ALERT: Plant station data file is 33.71 hours old.
2025-05-29 20:19:52 | PLANT_DATA_AGE | SENT | PLANT DATA AGE ALERT: Plant station data file is 34.71 hours old.
2025-05-29 21:19:58 | PLANT_DATA_AGE | SENT | PLANT DATA AGE ALERT: Plant station data file is 35.72 hours old.
2025-05-29 21:20:16 | DAILY_SUMMARY | SENT | Daily summary report for 2025-05-29
2025-05-29 22:20:22 | PLANT_DATA_AGE | SENT | PLANT DATA AGE ALERT: Plant station data file is 36.72 hours old.
2025-05-29 23:20:30 | PLANT_DATA_AGE | SENT | PLANT DATA AGE ALERT: Plant station data file is 37.72 hours old.
2025-05-30 00:20:49 | PLANT_DATA_AGE | SENT | PLANT DATA AGE ALERT: Plant station data file is 38.73 hours old.
2025-05-30 01:20:54 | PLANT_DATA_AGE | SENT | PLANT DATA AGE ALERT: Plant station data file is 39.73 hours old.
2025-05-30 02:21:01 | PLANT_DATA_AGE | SENT | PLANT DATA AGE ALERT: Plant station data file is 40.73 hours old.
2025-05-30 03:21:05 | PLANT_DATA_AGE | SENT | PLANT DATA AGE ALERT: Plant station data file is 41.73 hours old.
2025-05-30 04:21:10 | PLANT_DATA_AGE | SENT | PLANT DATA AGE ALERT: Plant station data file is 42.74 hours old.
2025-05-30 05:21:16 | PLANT_DATA_AGE | SENT | PLANT DATA AGE ALERT: Plant station data file is 43.74 hours old.
2025-05-30 06:21:20 | PLANT_DATA_AGE | SENT | PLANT DATA AGE ALERT: Plant station data file is 44.74 hours old.
2025-05-30 07:21:26 | PLANT_DATA_AGE | SENT | PLANT DATA AGE ALERT: Plant station data file is 45.74 hours old.
2025-05-30 08:21:30 | PLANT_DATA_AGE | SENT | PLANT DATA AGE ALERT: Plant station data file is 46.74 hours old.
2025-05-30 09:21:34 | PLANT_DATA_AGE | SENT | PLANT DATA AGE ALERT: Plant station data file is 47.74 hours old.
2025-05-30 10:21:39 | PLANT_DATA_AGE | SENT | PLANT DATA AGE ALERT: Plant station data file is 48.74 hours old.
2025-05-30 11:21:44 | PLANT_DATA_AGE | SENT | PLANT DATA AGE ALERT: Plant station data file is 49.75 hours old.
2025-05-30 12:21:49 | PLANT_DATA_AGE | SENT | PLANT DATA AGE ALERT: Plant station data file is 50.75 hours old.
2025-05-30 13:21:54 | PLANT_DATA_AGE | SENT | PLANT DATA AGE ALERT: Plant station data file is 51.75 hours old.
2025-05-30 14:21:58 | PLANT_DATA_AGE | SENT | PLANT DATA AGE ALERT: Plant station data file is 52.75 hours old.
2025-05-30 14:22:20 | DAILY_SUMMARY | SENT | Daily summary report for 2025-05-30
2025-05-30 15:22:24 | PLANT_DATA_AGE | SENT | PLANT DATA AGE ALERT: Plant station data file is 53.76 hours old.
2025-05-30 16:22:29 | PLANT_DATA_AGE | SENT | PLANT DATA AGE ALERT: Plant station data file is 54.76 hours old.
2025-05-30 17:22:35 | PLANT_DATA_AGE | SENT | PLANT DATA AGE ALERT: Plant station data file is 55.76 hours old.
2025-05-31 10:23:08 | HIGH_TEMP | SENT | HIGH TEMPERATURE ALERT: Plant station recorded 44.0°C at 2025-05-31 16:20:46.255034
2025-05-31 11:23:14 | HIGH_TEMP | SENT | HIGH TEMPERATURE ALERT: Plant station recorded 50.5°C at 2025-05-31 17:21:36.714969
2025-05-31 11:23:38 | DAILY_SUMMARY | SENT | Daily summary report for 2025-05-31
2025-05-31 12:23:45 | HIGH_TEMP | SENT | HIGH TEMPERATURE ALERT: Plant station recorded 49.3°C at 2025-05-31 18:17:24.485040
2025-05-31 13:23:52 | HIGH_TEMP | SENT | HIGH TEMPERATURE ALERT: Plant station recorded 45.5°C at 2025-05-31 19:14:52.899334
2025-05-31 14:23:58 | HIGH_TEMP | SENT | HIGH TEMPERATURE ALERT: Plant station recorded 51.7°C at 2025-05-31 20:18:50.049493
2025-05-31 15:24:05 | HIGH_TEMP | SENT | HIGH TEMPERATURE ALERT: Plant station recorded 47.6°C at 2025-05-31 21:08:16.299031
2025-05-31 16:24:11 | HIGH_TEMP | SENT | HIGH TEMPERATURE ALERT: Plant station recorded 43.9°C at 2025-05-31 22:16:45.244284
2025-05-31 17:24:17 | HIGH_TEMP | SENT | HIGH TEMPERATURE ALERT: Plant station recorded 42.5°C at 2025-05-31 23:17:37.499663
2025-05-31 18:24:23 | HIGH_TEMP | SENT | HIGH TEMPERATURE ALERT: Plant station recorded 40.4°C at 2025-06-01 00:10:15.027073
2025-05-31 21:24:33 | PLANT_DATA_AGE | SENT | PLANT DATA AGE ALERT: Plant station data file is 1.20 hours old.
2025-05-31 22:24:40 | PLANT_DATA_AGE | SENT | PLANT DATA AGE ALERT: Plant station data file is 2.20 hours old.
2025-05-31 23:24:46 | PLANT_DATA_AGE | SENT | PLANT DATA AGE ALERT: Plant station data file is 3.20 hours old.
2025-06-01 00:24:52 | PLANT_DATA_AGE | SENT | PLANT DATA AGE ALERT: Plant station data file is 4.20 hours old.
2025-06-01 01:24:59 | PLANT_DATA_AGE | SENT | PLANT DATA AGE ALERT: Plant station data file is 5.21 hours old.
2025-06-01 02:25:07 | PLANT_DATA_AGE | SENT | PLANT DATA AGE ALERT: Plant station data file is 6.21 hours old.
2025-06-01 02:25:29 | DAILY_SUMMARY | SENT | Daily summary report for 2025-06-01
2025-06-01 03:25:36 | PLANT_DATA_AGE | SENT | PLANT DATA AGE ALERT: Plant station data file is 7.22 hours old.
2025-06-01 04:25:43 | PLANT_DATA_AGE | SENT | PLANT DATA AGE ALERT: Plant station data file is 8.22 hours old.
2025-06-01 05:25:49 | PLANT_DATA_AGE | SENT | PLANT DATA AGE ALERT: Plant station data file is 9.22 hours old.
2025-06-01 06:25:56 | PLANT_DATA_AGE | SENT | PLANT DATA AGE ALERT: Plant station data file is 10.22 hours old.
2025-06-01 07:26:02 | PLANT_DATA_AGE | SENT | PLANT DATA AGE ALERT: Plant station data file is 11.22 hours old.
2025-06-01 08:26:08 | PLANT_DATA_AGE | SENT | PLANT DATA AGE ALERT: Plant station data file is 12.23 hours old.
2025-06-01 09:26:15 | PLANT_DATA_AGE | SENT | PLANT DATA AGE ALERT: Plant station data file is 13.23 hours old.
2025-06-01 10:26:21 | PLANT_DATA_AGE | SENT | PLANT DATA AGE ALERT: Plant station data file is 14.23 hours old.
2025-06-01 11:26:28 | PLANT_DATA_AGE | SENT | PLANT DATA AGE ALERT: Plant station data file is 15.23 hours old.
2025-06-01 12:26:37 | PLANT_DATA_AGE | SENT | PLANT DATA AGE ALERT: Plant station data file is 16.23 hours old.
2025-06-01 13:26:45 | PLANT_DATA_AGE | SENT | PLANT DATA AGE ALERT: Plant station data file is 17.24 hours old.
2025-06-01 14:26:51 | PLANT_DATA_AGE | SENT | PLANT DATA AGE ALERT: Plant station data file is 18.24 hours old.
2025-06-01 15:26:57 | PLANT_DATA_AGE | SENT | PLANT DATA AGE ALERT: Plant station data file is 19.24 hours old.
2025-06-01 16:27:03 | PLANT_DATA_AGE | SENT | PLANT DATA AGE ALERT: Plant station data file is 20.24 hours old.
2025-06-01 17:27:11 | PLANT_DATA_AGE | SENT | PLANT DATA AGE ALERT: Plant station data file is 21.24 hours old.
2025-06-01 17:27:37 | DAILY_SUMMARY | SENT | Daily summary report for 2025-06-01
2025-06-01 18:27:43 | PLANT_DATA_AGE | SENT | PLANT DATA AGE ALERT: Plant station data file is 22.25 hours old.
2025-06-01 19:27:50 | PLANT_DATA_AGE | SENT | PLANT DATA AGE ALERT: Plant station data file is 23.25 hours old.
2025-06-01 20:27:59 | PLANT_DATA_AGE | SENT | PLANT DATA AGE ALERT: Plant station data file is 24.26 hours old.
2025-06-02 08:28:23 | PLANT_DATA_AGE | SENT | PLANT DATA AGE ALERT: Plant station data file is 1.55 hours old.
2025-06-02 08:28:56 | DAILY_SUMMARY | SENT | Daily summary report for 2025-06-02
2025-06-02 09:28:59 | PLANT_DATA_AGE | SENT | PLANT DATA AGE ALERT: Plant station data file is 2.56 hours old.
2025-06-02 10:29:04 | PLANT_DATA_AGE | SENT | PLANT DATA AGE ALERT: Plant station data file is 3.56 hours old.
2025-06-02 11:29:08 | PLANT_DATA_AGE | SENT | PLANT DATA AGE ALERT: Plant station data file is 4.56 hours old.
2025-06-02 12:29:15 | PLANT_DATA_AGE | SENT | PLANT DATA AGE ALERT: Plant station data file is 5.56 hours old.
2025-06-02 13:29:20 | PLANT_DATA_AGE | SENT | PLANT DATA AGE ALERT: Plant station data file is 6.57 hours old.
2025-06-02 14:29:24 | PLANT_DATA_AGE | SENT | PLANT DATA AGE ALERT: Plant station data file is 7.57 hours old.
2025-06-02 15:29:29 | PLANT_DATA_AGE | SENT | PLANT DATA AGE ALERT: Plant station data file is 8.57 hours old.
2025-06-02 16:29:33 | PLANT_DATA_AGE | SENT | PLANT DATA AGE ALERT: Plant station data file is 9.57 hours old.
2025-06-02 17:29:40 | PLANT_DATA_AGE | SENT | PLANT DATA AGE ALERT: Plant station data file is 10.57 hours old.
2025-06-02 18:29:45 | PLANT_DATA_AGE | SENT | PLANT DATA AGE ALERT: Plant station data file is 11.57 hours old.
2025-06-02 19:29:51 | PLANT_DATA_AGE | SENT | PLANT DATA AGE ALERT: Plant station data file is 12.58 hours old.
2025-06-02 20:29:57 | PLANT_DATA_AGE | SENT | PLANT DATA AGE ALERT: Plant station data file is 13.58 hours old.
2025-06-02 21:30:04 | PLANT_DATA_AGE | SENT | PLANT DATA AGE ALERT: Plant station data file is 14.58 hours old.
2025-06-02 22:30:11 | PLANT_DATA_AGE | SENT | PLANT DATA AGE ALERT: Plant station data file is 15.58 hours old.
2025-06-02 23:30:19 | PLANT_DATA_AGE | SENT | PLANT DATA AGE ALERT: Plant station data file is 16.58 hours old.
2025-06-03 00:30:25 | PLANT_DATA_AGE | SENT | PLANT DATA AGE ALERT: Plant station data file is 17.58 hours old.
2025-06-03 01:30:30 | PLANT_DATA_AGE | SENT | PLANT DATA AGE ALERT: Plant station data file is 18.59 hours old.
2025-06-03 02:30:35 | PLANT_DATA_AGE | SENT | PLANT DATA AGE ALERT: Plant station data file is 19.59 hours old.
2025-06-03 03:30:40 | PLANT_DATA_AGE | SENT | PLANT DATA AGE ALERT: Plant station data file is 20.59 hours old.
2025-06-03 04:30:44 | PLANT_DATA_AGE | SENT | PLANT DATA AGE ALERT: Plant station data file is 21.59 hours old.
2025-06-03 05:30:50 | PLANT_DATA_AGE | SENT | PLANT DATA AGE ALERT: Plant station data file is 22.59 hours old.
2025-06-03 05:31:08 | DAILY_SUMMARY | SENT | Daily summary report for 2025-06-03
2025-06-03 06:31:14 | PLANT_DATA_AGE | SENT | PLANT DATA AGE ALERT: Plant station data file is 23.60 hours old.
2025-06-03 07:31:18 | PLANT_DATA_AGE | SENT | PLANT DATA AGE ALERT: Plant station data file is 24.60 hours old.
2025-06-03 08:31:23 | PLANT_DATA_AGE | SENT | PLANT DATA AGE ALERT: Plant station data file is 25.60 hours old.
2025-06-03 09:31:28 | PLANT_DATA_AGE | SENT | PLANT DATA AGE ALERT: Plant station data file is 26.60 hours old.
2025-06-03 10:31:32 | PLANT_DATA_AGE | SENT | PLANT DATA AGE ALERT: Plant station data file is 27.60 hours old.
2025-06-03 11:31:37 | PLANT_DATA_AGE | SENT | PLANT DATA AGE ALERT: Plant station data file is 28.60 hours old.
2025-06-03 12:31:41 | PLANT_DATA_AGE | SENT | PLANT DATA AGE ALERT: Plant station data file is 29.61 hours old.
2025-06-03 13:31:47 | PLANT_DATA_AGE | SENT | PLANT DATA AGE ALERT: Plant station data file is 30.61 hours old.
2025-06-03 14:31:51 | PLANT_DATA_AGE | SENT | PLANT DATA AGE ALERT: Plant station data file is 31.61 hours old.
2025-06-03 15:31:56 | PLANT_DATA_AGE | SENT | PLANT DATA AGE ALERT: Plant station data file is 32.61 hours old.
2025-06-03 16:32:00 | PLANT_DATA_AGE | SENT | PLANT DATA AGE ALERT: Plant station data file is 33.61 hours old.
2025-06-03 17:32:07 | PLANT_DATA_AGE | SENT | PLANT DATA AGE ALERT: Plant station data file is 34.61 hours old.
2025-06-03 18:32:11 | PLANT_DATA_AGE | SENT | PLANT DATA AGE ALERT: Plant station data file is 35.61 hours old.
2025-06-03 19:32:18 | PLANT_DATA_AGE | SENT | PLANT DATA AGE ALERT: Plant station data file is 36.62 hours old.
2025-06-03 19:32:38 | DAILY_SUMMARY | SENT | Daily summary report for 2025-06-03
2025-06-03 20:32:43 | PLANT_DATA_AGE | SENT | PLANT DATA AGE ALERT: Plant station data file is 37.62 hours old.
2025-06-03 21:32:48 | PLANT_DATA_AGE | SENT | PLANT DATA AGE ALERT: Plant station data file is 38.62 hours old.
2025-06-03 22:32:55 | PLANT_DATA_AGE | SENT | PLANT DATA AGE ALERT: Plant station data file is 39.63 hours old.
2025-06-03 23:33:01 | PLANT_DATA_AGE | SENT | PLANT DATA AGE ALERT: Plant station data file is 40.63 hours old.
2025-06-04 00:33:07 | PLANT_DATA_AGE | SENT | PLANT DATA AGE ALERT: Plant station data file is 41.63 hours old.
2025-06-04 01:33:13 | PLANT_DATA_AGE | SENT | PLANT DATA AGE ALERT: Plant station data file is 42.63 hours old.
2025-06-04 02:33:18 | PLANT_DATA_AGE | SENT | PLANT DATA AGE ALERT: Plant station data file is 43.63 hours old.
2025-06-04 02:33:23 | WEATHER_DATA_AGE | SENT | WEATHER DATA AGE ALERT: Weather station data file is 1.22 hours old.
2025-06-04 03:33:28 | PLANT_DATA_AGE | SENT | PLANT DATA AGE ALERT: Plant station data file is 44.64 hours old.
2025-06-04 03:33:30 | WEATHER_DATA_AGE | SENT | WEATHER DATA AGE ALERT: Weather station data file is 2.22 hours old.
2025-06-04 04:33:34 | PLANT_DATA_AGE | SENT | PLANT DATA AGE ALERT: Plant station data file is 45.64 hours old.
2025-06-04 04:33:38 | WEATHER_DATA_AGE | SENT | WEATHER DATA AGE ALERT: Weather station data file is 3.22 hours old.
2025-06-04 05:33:45 | PLANT_DATA_AGE | SENT | PLANT DATA AGE ALERT: Plant station data file is 46.64 hours old.
2025-06-04 05:33:47 | WEATHER_DATA_AGE | SENT | WEATHER DATA AGE ALERT: Weather station data file is 4.22 hours old.
2025-06-04 06:33:51 | PLANT_DATA_AGE | SENT | PLANT DATA AGE ALERT: Plant station data file is 47.64 hours old.
2025-06-04 06:33:54 | WEATHER_DATA_AGE | SENT | WEATHER DATA AGE ALERT: Weather station data file is 5.22 hours old.
2025-06-04 07:33:58 | PLANT_DATA_AGE | SENT | PLANT DATA AGE ALERT: Plant station data file is 48.64 hours old.
2025-06-04 07:34:01 | WEATHER_DATA_AGE | SENT | WEATHER DATA AGE ALERT: Weather station data file is 6.23 hours old.
2025-06-04 08:34:05 | PLANT_DATA_AGE | SENT | PLANT DATA AGE ALERT: Plant station data file is 49.65 hours old.
2025-06-04 08:34:08 | WEATHER_DATA_AGE | SENT | WEATHER DATA AGE ALERT: Weather station data file is 7.23 hours old.
2025-06-04 09:34:12 | PLANT_DATA_AGE | SENT | PLANT DATA AGE ALERT: Plant station data file is 50.65 hours old.
2025-06-04 09:34:15 | WEATHER_DATA_AGE | SENT | WEATHER DATA AGE ALERT: Weather station data file is 8.23 hours old.
2025-06-04 10:34:19 | PLANT_DATA_AGE | SENT | PLANT DATA AGE ALERT: Plant station data file is 51.65 hours old.
2025-06-04 10:34:21 | WEATHER_DATA_AGE | SENT | WEATHER DATA AGE ALERT: Weather station data file is 9.23 hours old.
2025-06-04 11:34:27 | PLANT_DATA_AGE | SENT | PLANT DATA AGE ALERT: Plant station data file is 52.65 hours old.
2025-06-04 11:34:31 | WEATHER_DATA_AGE | SENT | WEATHER DATA AGE ALERT: Weather station data file is 10.23 hours old.
2025-06-04 12:34:37 | PLANT_DATA_AGE | SENT | PLANT DATA AGE ALERT: Plant station data file is 53.65 hours old.
2025-06-04 12:34:40 | WEATHER_DATA_AGE | SENT | WEATHER DATA AGE ALERT: Weather station data file is 11.24 hours old.
2025-06-04 13:34:45 | PLANT_DATA_AGE | SENT | PLANT DATA AGE ALERT: Plant station data file is 54.66 hours old.
2025-06-04 13:34:48 | WEATHER_DATA_AGE | SENT | WEATHER DATA AGE ALERT: Weather station data file is 12.24 hours old.
2025-06-04 14:34:52 | PLANT_DATA_AGE | SENT | PLANT DATA AGE ALERT: Plant station data file is 55.66 hours old.
2025-06-04 14:34:56 | WEATHER_DATA_AGE | SENT | WEATHER DATA AGE ALERT: Weather station data file is 13.24 hours old.
2025-06-04 14:35:08 | DAILY_SUMMARY | SENT | Daily summary report for 2025-06-04
2025-06-04 15:35:14 | PLANT_DATA_AGE | SENT | PLANT DATA AGE ALERT: Plant station data file is 56.66 hours old.
2025-06-04 15:35:18 | WEATHER_DATA_AGE | SENT | WEATHER DATA AGE ALERT: Weather station data file is 14.25 hours old.
2025-06-04 16:35:21 | PLANT_DATA_AGE | SENT | PLANT DATA AGE ALERT: Plant station data file is 57.67 hours old.
2025-06-04 16:35:26 | WEATHER_DATA_AGE | SENT | WEATHER DATA AGE ALERT: Weather station data file is 15.25 hours old.
2025-06-04 17:35:32 | PLANT_DATA_AGE | SENT | PLANT DATA AGE ALERT: Plant station data file is 58.67 hours old.
2025-06-04 17:35:34 | WEATHER_DATA_AGE | SENT | WEATHER DATA AGE ALERT: Weather station data file is 16.25 hours old.
2025-06-04 18:35:39 | PLANT_DATA_AGE | SENT | PLANT DATA AGE ALERT: Plant station data file is 59.67 hours old.
2025-06-04 18:35:43 | WEATHER_DATA_AGE | SENT | WEATHER DATA AGE ALERT: Weather station data file is 17.25 hours old.
2025-06-04 19:35:48 | PLANT_DATA_AGE | SENT | PLANT DATA AGE ALERT: Plant station data file is 60.67 hours old.
2025-06-04 19:35:53 | WEATHER_DATA_AGE | SENT | WEATHER DATA AGE ALERT: Weather station data file is 18.26 hours old.
2025-06-04 20:35:58 | PLANT_DATA_AGE | SENT | PLANT DATA AGE ALERT: Plant station data file is 61.68 hours old.
2025-06-04 20:36:03 | WEATHER_DATA_AGE | SENT | WEATHER DATA AGE ALERT: Weather station data file is 19.26 hours old.
2025-06-04 21:36:09 | PLANT_DATA_AGE | SENT | PLANT DATA AGE ALERT: Plant station data file is 62.68 hours old.
2025-06-04 21:36:13 | WEATHER_DATA_AGE | SENT | WEATHER DATA AGE ALERT: Weather station data file is 20.26 hours old.
2025-06-04 22:36:18 | PLANT_DATA_AGE | SENT | PLANT DATA AGE ALERT: Plant station data file is 63.68 hours old.
2025-06-04 22:36:22 | WEATHER_DATA_AGE | SENT | WEATHER DATA AGE ALERT: Weather station data file is 21.27 hours old.
2025-06-04 23:36:28 | PLANT_DATA_AGE | SENT | PLANT DATA AGE ALERT: Plant station data file is 64.69 hours old.
2025-06-04 23:36:32 | WEATHER_DATA_AGE | SENT | WEATHER DATA AGE ALERT: Weather station data file is 22.27 hours old.
2025-06-05 00:36:36 | PLANT_DATA_AGE | SENT | PLANT DATA AGE ALERT: Plant station data file is 65.69 hours old.
2025-06-05 00:36:40 | WEATHER_DATA_AGE | SENT | WEATHER DATA AGE ALERT: Weather station data file is 23.27 hours old.
2025-06-05 01:36:45 | PLANT_DATA_AGE | SENT | PLANT DATA AGE ALERT: Plant station data file is 66.69 hours old.
2025-06-05 01:36:49 | WEATHER_DATA_AGE | SENT | WEATHER DATA AGE ALERT: Weather station data file is 24.27 hours old.
2025-06-05 02:36:54 | PLANT_DATA_AGE | SENT | PLANT DATA AGE ALERT: Plant station data file is 67.69 hours old.
2025-06-05 02:36:58 | WEATHER_DATA_AGE | SENT | WEATHER DATA AGE ALERT: Weather station data file is 25.28 hours old.
2025-06-05 03:37:02 | PLANT_DATA_AGE | SENT | PLANT DATA AGE ALERT: Plant station data file is 68.70 hours old.
2025-06-05 03:37:04 | WEATHER_DATA_AGE | SENT | WEATHER DATA AGE ALERT: Weather station data file is 26.28 hours old.
2025-06-05 04:37:09 | PLANT_DATA_AGE | SENT | PLANT DATA AGE ALERT: Plant station data file is 69.70 hours old.
2025-06-05 04:37:11 | WEATHER_DATA_AGE | SENT | WEATHER DATA AGE ALERT: Weather station data file is 27.28 hours old.
2025-06-05 05:37:16 | PLANT_DATA_AGE | SENT | PLANT DATA AGE ALERT: Plant station data file is 70.70 hours old.
2025-06-05 05:37:20 | WEATHER_DATA_AGE | SENT | WEATHER DATA AGE ALERT: Weather station data file is 28.28 hours old.
2025-06-05 06:37:24 | PLANT_DATA_AGE | SENT | PLANT DATA AGE ALERT: Plant station data file is 71.70 hours old.
2025-06-05 06:37:28 | WEATHER_DATA_AGE | SENT | WEATHER DATA AGE ALERT: Weather station data file is 29.28 hours old.
2025-06-05 07:37:32 | PLANT_DATA_AGE | SENT | PLANT DATA AGE ALERT: Plant station data file is 72.70 hours old.
2025-06-05 07:37:34 | WEATHER_DATA_AGE | SENT | WEATHER DATA AGE ALERT: Weather station data file is 30.29 hours old.
2025-06-05 08:37:38 | PLANT_DATA_AGE | SENT | PLANT DATA AGE ALERT: Plant station data file is 73.71 hours old.
2025-06-05 08:37:42 | WEATHER_DATA_AGE | SENT | WEATHER DATA AGE ALERT: Weather station data file is 31.29 hours old.
2025-06-05 08:37:57 | DAILY_SUMMARY | SENT | Daily summary report for 2025-06-05
2025-06-05 09:38:02 | PLANT_DATA_AGE | SENT | PLANT DATA AGE ALERT: Plant station data file is 74.71 hours old.
2025-06-05 09:38:07 | WEATHER_DATA_AGE | SENT | WEATHER DATA AGE ALERT: Weather station data file is 32.29 hours old.
2025-06-05 10:38:11 | PLANT_DATA_AGE | SENT | PLANT DATA AGE ALERT: Plant station data file is 75.71 hours old.
2025-06-05 10:38:14 | WEATHER_DATA_AGE | SENT | WEATHER DATA AGE ALERT: Weather station data file is 33.30 hours old.
2025-06-05 11:38:19 | PLANT_DATA_AGE | SENT | PLANT DATA AGE ALERT: Plant station data file is 76.72 hours old.
2025-06-05 11:38:22 | WEATHER_DATA_AGE | SENT | WEATHER DATA AGE ALERT: Weather station data file is 34.30 hours old.
2025-06-05 12:38:27 | PLANT_DATA_AGE | SENT | PLANT DATA AGE ALERT: Plant station data file is 77.72 hours old.
2025-06-05 12:38:29 | WEATHER_DATA_AGE | SENT | WEATHER DATA AGE ALERT: Weather station data file is 35.30 hours old.
2025-06-05 13:38:33 | PLANT_DATA_AGE | SENT | PLANT DATA AGE ALERT: Plant station data file is 78.72 hours old.
2025-06-05 13:38:36 | WEATHER_DATA_AGE | SENT | WEATHER DATA AGE ALERT: Weather station data file is 36.30 hours old.
2025-06-05 14:38:40 | PLANT_DATA_AGE | SENT | PLANT DATA AGE ALERT: Plant station data file is 79.72 hours old.
2025-06-05 14:38:42 | WEATHER_DATA_AGE | SENT | WEATHER DATA AGE ALERT: Weather station data file is 37.30 hours old.
2025-06-05 15:38:48 | PLANT_DATA_AGE | SENT | PLANT DATA AGE ALERT: Plant station data file is 80.72 hours old.
2025-06-05 15:38:53 | WEATHER_DATA_AGE | SENT | WEATHER DATA AGE ALERT: Weather station data file is 38.31 hours old.
2025-06-05 16:38:57 | PLANT_DATA_AGE | SENT | PLANT DATA AGE ALERT: Plant station data file is 81.73 hours old.
2025-06-05 16:39:00 | WEATHER_DATA_AGE | SENT | WEATHER DATA AGE ALERT: Weather station data file is 39.31 hours old.
2025-06-05 17:39:07 | PLANT_DATA_AGE | SENT | PLANT DATA AGE ALERT: Plant station data file is 82.73 hours old.
2025-06-05 17:39:12 | WEATHER_DATA_AGE | SENT | WEATHER DATA AGE ALERT: Weather station data file is 40.31 hours old.
2025-06-05 18:39:18 | PLANT_DATA_AGE | SENT | PLANT DATA AGE ALERT: Plant station data file is 83.73 hours old.
2025-06-05 18:39:22 | WEATHER_DATA_AGE | SENT | WEATHER DATA AGE ALERT: Weather station data file is 41.32 hours old.
2025-06-05 19:39:28 | PLANT_DATA_AGE | SENT | PLANT DATA AGE ALERT: Plant station data file is 84.74 hours old.
2025-06-05 19:39:32 | WEATHER_DATA_AGE | SENT | WEATHER DATA AGE ALERT: Weather station data file is 42.32 hours old.
2025-06-05 20:39:37 | PLANT_DATA_AGE | SENT | PLANT DATA AGE ALERT: Plant station data file is 85.74 hours old.
2025-06-05 20:39:41 | WEATHER_DATA_AGE | SENT | WEATHER DATA AGE ALERT: Weather station data file is 43.32 hours old.
2025-06-05 21:39:47 | PLANT_DATA_AGE | SENT | PLANT DATA AGE ALERT: Plant station data file is 86.74 hours old.
2025-06-05 21:39:50 | WEATHER_DATA_AGE | SENT | WEATHER DATA AGE ALERT: Weather station data file is 44.32 hours old.
2025-06-05 22:39:57 | PLANT_DATA_AGE | SENT | PLANT DATA AGE ALERT: Plant station data file is 87.74 hours old.
2025-06-05 22:40:01 | WEATHER_DATA_AGE | SENT | WEATHER DATA AGE ALERT: Weather station data file is 45.33 hours old.
2025-06-05 23:40:07 | PLANT_DATA_AGE | SENT | PLANT DATA AGE ALERT: Plant station data file is 88.75 hours old.
2025-06-05 23:40:12 | WEATHER_DATA_AGE | SENT | WEATHER DATA AGE ALERT: Weather station data file is 46.33 hours old.
2025-06-06 00:40:17 | PLANT_DATA_AGE | SENT | PLANT DATA AGE ALERT: Plant station data file is 89.75 hours old.
2025-06-06 00:40:22 | WEATHER_DATA_AGE | SENT | WEATHER DATA AGE ALERT: Weather station data file is 47.33 hours old.
2025-06-06 01:40:29 | PLANT_DATA_AGE | SENT | PLANT DATA AGE ALERT: Plant station data file is 90.75 hours old.
2025-06-06 01:40:33 | WEATHER_DATA_AGE | SENT | WEATHER DATA AGE ALERT: Weather station data file is 48.33 hours old.
2025-06-06 02:40:38 | PLANT_DATA_AGE | SENT | PLANT DATA AGE ALERT: Plant station data file is 91.76 hours old.
2025-06-06 02:40:40 | WEATHER_DATA_AGE | SENT | WEATHER DATA AGE ALERT: Weather station data file is 49.34 hours old.
2025-06-06 03:40:48 | PLANT_DATA_AGE | SENT | PLANT DATA AGE ALERT: Plant station data file is 92.76 hours old.
2025-06-06 03:40:52 | WEATHER_DATA_AGE | SENT | WEATHER DATA AGE ALERT: Weather station data file is 50.34 hours old.
2025-06-06 04:40:56 | PLANT_DATA_AGE | SENT | PLANT DATA AGE ALERT: Plant station data file is 93.76 hours old.
2025-06-06 04:40:59 | WEATHER_DATA_AGE | SENT | WEATHER DATA AGE ALERT: Weather station data file is 51.34 hours old.
2025-06-06 05:41:03 | PLANT_DATA_AGE | SENT | PLANT DATA AGE ALERT: Plant station data file is 94.76 hours old.
2025-06-06 05:41:07 | WEATHER_DATA_AGE | SENT | WEATHER DATA AGE ALERT: Weather station data file is 52.34 hours old.
2025-06-06 05:41:23 | DAILY_SUMMARY | SENT | Daily summary report for 2025-06-06
2025-06-06 06:41:28 | PLANT_DATA_AGE | SENT | PLANT DATA AGE ALERT: Plant station data file is 95.77 hours old.
2025-06-06 06:41:31 | WEATHER_DATA_AGE | SENT | WEATHER DATA AGE ALERT: Weather station data file is 53.35 hours old.
2025-06-06 07:41:35 | PLANT_DATA_AGE | SENT | PLANT DATA AGE ALERT: Plant station data file is 96.77 hours old.
2025-06-06 07:41:38 | WEATHER_DATA_AGE | SENT | WEATHER DATA AGE ALERT: Weather station data file is 54.35 hours old.
2025-06-06 08:41:43 | PLANT_DATA_AGE | SENT | PLANT DATA AGE ALERT: Plant station data file is 97.77 hours old.
2025-06-06 08:41:45 | WEATHER_DATA_AGE | SENT | WEATHER DATA AGE ALERT: Weather station data file is 55.36 hours old.
2025-06-06 09:41:49 | PLANT_DATA_AGE | SENT | PLANT DATA AGE ALERT: Plant station data file is 98.77 hours old.
2025-06-06 09:41:51 | WEATHER_DATA_AGE | SENT | WEATHER DATA AGE ALERT: Weather station data file is 56.36 hours old.
2025-06-06 10:41:57 | PLANT_DATA_AGE | SENT | PLANT DATA AGE ALERT: Plant station data file is 99.78 hours old.
2025-06-06 10:42:03 | WEATHER_DATA_AGE | SENT | WEATHER DATA AGE ALERT: Weather station data file is 57.36 hours old.
2025-06-06 11:42:09 | PLANT_DATA_AGE | SENT | PLANT DATA AGE ALERT: Plant station data file is 100.78 hours old.
2025-06-06 11:42:12 | WEATHER_DATA_AGE | SENT | WEATHER DATA AGE ALERT: Weather station data file is 58.36 hours old.
2025-06-06 12:42:17 | PLANT_DATA_AGE | SENT | PLANT DATA AGE ALERT: Plant station data file is 101.78 hours old.
2025-06-06 12:42:19 | WEATHER_DATA_AGE | SENT | WEATHER DATA AGE ALERT: Weather station data file is 59.36 hours old.
2025-06-06 13:42:24 | PLANT_DATA_AGE | SENT | PLANT DATA AGE ALERT: Plant station data file is 102.78 hours old.
2025-06-06 13:42:27 | WEATHER_DATA_AGE | SENT | WEATHER DATA AGE ALERT: Weather station data file is 60.37 hours old.
2025-06-06 14:42:32 | PLANT_DATA_AGE | SENT | PLANT DATA AGE ALERT: Plant station data file is 103.79 hours old.
2025-06-06 14:42:36 | WEATHER_DATA_AGE | SENT | WEATHER DATA AGE ALERT: Weather station data file is 61.37 hours old.
2025-06-06 15:42:55 | PLANT_DATA_AGE | SENT | PLANT DATA AGE ALERT: Plant station data file is 104.79 hours old.
2025-06-06 15:43:03 | WEATHER_DATA_AGE | SENT | WEATHER DATA AGE ALERT: Weather station data file is 62.38 hours old.
2025-06-06 16:43:10 | PLANT_DATA_AGE | SENT | PLANT DATA AGE ALERT: Plant station data file is 105.80 hours old.
2025-06-06 16:43:14 | WEATHER_DATA_AGE | SENT | WEATHER DATA AGE ALERT: Weather station data file is 63.38 hours old.
2025-06-06 17:43:21 | PLANT_DATA_AGE | SENT | PLANT DATA AGE ALERT: Plant station data file is 106.80 hours old.
2025-06-06 17:43:24 | WEATHER_DATA_AGE | SENT | WEATHER DATA AGE ALERT: Weather station data file is 64.38 hours old.
2025-06-06 18:43:31 | PLANT_DATA_AGE | SENT | PLANT DATA AGE ALERT: Plant station data file is 107.80 hours old.
2025-06-06 18:43:37 | WEATHER_DATA_AGE | SENT | WEATHER DATA AGE ALERT: Weather station data file is 65.39 hours old.
2025-06-06 19:43:42 | PLANT_DATA_AGE | SENT | PLANT DATA AGE ALERT: Plant station data file is 108.81 hours old.
2025-06-06 19:43:48 | WEATHER_DATA_AGE | SENT | WEATHER DATA AGE ALERT: Weather station data file is 66.39 hours old.
2025-06-06 20:44:02 | PLANT_DATA_AGE | SENT | PLANT DATA AGE ALERT: Plant station data file is 109.81 hours old.
2025-06-06 20:44:15 | WEATHER_DATA_AGE | SENT | WEATHER DATA AGE ALERT: Weather station data file is 67.39 hours old.
2025-06-06 21:44:22 | PLANT_DATA_AGE | SENT | PLANT DATA AGE ALERT: Plant station data file is 110.82 hours old.
2025-06-06 21:44:25 | WEATHER_DATA_AGE | SENT | WEATHER DATA AGE ALERT: Weather station data file is 68.40 hours old.
2025-06-06 22:44:32 | PLANT_DATA_AGE | SENT | PLANT DATA AGE ALERT: Plant station data file is 111.82 hours old.
2025-06-06 22:44:37 | WEATHER_DATA_AGE | SENT | WEATHER DATA AGE ALERT: Weather station data file is 69.40 hours old.
2025-06-06 23:44:42 | PLANT_DATA_AGE | SENT | PLANT DATA AGE ALERT: Plant station data file is 112.82 hours old.
2025-06-06 23:44:45 | WEATHER_DATA_AGE | SENT | WEATHER DATA AGE ALERT: Weather station data file is 70.41 hours old.
2025-06-07 00:44:54 | PLANT_DATA_AGE | SENT | PLANT DATA AGE ALERT: Plant station data file is 113.83 hours old.
2025-06-07 00:45:01 | WEATHER_DATA_AGE | SENT | WEATHER DATA AGE ALERT: Weather station data file is 71.41 hours old.
2025-06-07 01:45:08 | PLANT_DATA_AGE | SENT | PLANT DATA AGE ALERT: Plant station data file is 114.83 hours old.
2025-06-07 01:45:13 | WEATHER_DATA_AGE | SENT | WEATHER DATA AGE ALERT: Weather station data file is 72.41 hours old.
2025-06-07 01:45:32 | DAILY_SUMMARY | SENT | Daily summary report for 2025-06-07
2025-06-07 02:45:38 | PLANT_DATA_AGE | SENT | PLANT DATA AGE ALERT: Plant station data file is 115.84 hours old.
2025-06-07 02:45:42 | WEATHER_DATA_AGE | SENT | WEATHER DATA AGE ALERT: Weather station data file is 73.42 hours old.
2025-06-07 03:45:50 | PLANT_DATA_AGE | SENT | PLANT DATA AGE ALERT: Plant station data file is 116.84 hours old.
2025-06-07 03:45:55 | WEATHER_DATA_AGE | SENT | WEATHER DATA AGE ALERT: Weather station data file is 74.42 hours old.
2025-06-07 04:46:01 | PLANT_DATA_AGE | SENT | PLANT DATA AGE ALERT: Plant station data file is 117.84 hours old.
2025-06-07 04:46:06 | WEATHER_DATA_AGE | SENT | WEATHER DATA AGE ALERT: Weather station data file is 75.43 hours old.
2025-06-07 05:46:13 | PLANT_DATA_AGE | SENT | PLANT DATA AGE ALERT: Plant station data file is 118.85 hours old.
2025-06-07 05:46:16 | WEATHER_DATA_AGE | SENT | WEATHER DATA AGE ALERT: Weather station data file is 76.43 hours old.
2025-06-07 06:46:22 | PLANT_DATA_AGE | SENT | PLANT DATA AGE ALERT: Plant station data file is 119.85 hours old.
2025-06-07 06:46:26 | WEATHER_DATA_AGE | SENT | WEATHER DATA AGE ALERT: Weather station data file is 77.43 hours old.
2025-06-07 07:46:32 | PLANT_DATA_AGE | SENT | PLANT DATA AGE ALERT: Plant station data file is 120.85 hours old.
2025-06-07 07:46:37 | WEATHER_DATA_AGE | SENT | WEATHER DATA AGE ALERT: Weather station data file is 78.44 hours old.
2025-06-07 08:46:41 | PLANT_DATA_AGE | SENT | PLANT DATA AGE ALERT: Plant station data file is 121.86 hours old.
2025-06-07 08:46:45 | WEATHER_DATA_AGE | SENT | WEATHER DATA AGE ALERT: Weather station data file is 79.44 hours old.
2025-06-07 09:46:52 | PLANT_DATA_AGE | SENT | PLANT DATA AGE ALERT: Plant station data file is 122.86 hours old.
2025-06-07 09:46:55 | WEATHER_DATA_AGE | SENT | WEATHER DATA AGE ALERT: Weather station data file is 80.44 hours old.
2025-06-07 10:47:03 | PLANT_DATA_AGE | SENT | PLANT DATA AGE ALERT: Plant station data file is 123.86 hours old.
2025-06-07 10:47:07 | WEATHER_DATA_AGE | SENT | WEATHER DATA AGE ALERT: Weather station data file is 81.44 hours old.
2025-06-07 11:47:44 | PLANT_DATA_AGE | SENT | PLANT DATA AGE ALERT: Plant station data file is 124.86 hours old.
2025-06-07 11:48:10 | WEATHER_DATA_AGE | SENT | WEATHER DATA AGE ALERT: Weather station data file is 82.46 hours old.
